<?xml version="1.0" encoding="UTF-8"?>
<testsuite xmlns:xsi="http://www.w3.org/2001/XMLSchema-instance" xsi:noNamespaceSchemaLocation="https://maven.apache.org/surefire/maven-surefire-plugin/xsd/surefire-test-report-3.0.xsd" version="3.0" name="uk.gov.dwp.uc.pairtest.TicketServiceImplTest" time="1.696" tests="10" errors="0" skipped="0" failures="0">
  <properties>
[...]
</properties>
  <testcase name="purchaseTickets_DoesNotCallServices_WhenValidationFails" classname="uk.gov.dwp.uc.pairtest.TicketServiceImplTest" time="1.523">
    <system-err><![CDATA[WARNING: A Java agent has been loaded dynamically (/home/codespace/.m2/repository/net/bytebuddy/byte-buddy-agent/1.14.12/byte-buddy-agent-1.14.12.jar)
WARNING: If a serviceability tool is in use, please run with -XX:+EnableDynamicAgentLoading to hide this warning
WARNING: If a serviceability tool is not in use, please run with -Djdk.instrument.traceUsage for more information
WARNING: Dynamic loading of agents will be disallowed by default in a future release
]]></system-err>
  </testcase>
  <testcase name="purchaseTickets_InfantsAndAdultsOnly_CalculatesCorrectly" classname="uk.gov.dwp.uc.pairtest.TicketServiceImplTest" time="0.017"/>
  <testcase name="purchaseTickets_ThrowsException_WhenChildTicketPurchasedWithoutAdult" classname="uk.gov.dwp.uc.pairtest.TicketServiceImplTest" time="0.005"/>
  <testcase name="purchaseTickets_ThrowsException_WhenAccountIdIsInvalid" classname="uk.gov.dwp.uc.pairtest.TicketServiceImplTest" time="0.007"/>
  <testcase name="purchaseTickets_DoesNotThrowException_WhenExactlyMaxTicketsPurchased" classname="uk.gov.dwp.uc.pairtest.TicketServiceImplTest" time="0.007"/>
  <testcase name="purchaseTickets_ThrowsException_WhenInfantTicketPurchasedWithoutAdult" classname="uk.gov.dwp.uc.pairtest.TicketServiceImplTest" time="0.005"/>
  <testcase name="purchaseTickets_SuccessfulPurchase_CallsServicesWithCorrectValues" classname="uk.gov.dwp.uc.pairtest.TicketServiceImplTest" time="0.005"/>
  <testcase name="purchaseTickets_ThrowsException_WhenMoreThanMaxTicketsPurchased" classname="uk.gov.dwp.uc.pairtest.TicketServiceImplTest" time="0.004"/>
  <testcase name="purchaseTickets_ThrowsException_WhenInfantsExceedAdults" classname="uk.gov.dwp.uc.pairtest.TicketServiceImplTest" time="0.007"/>
  <testcase name="purchaseTickets_ThrowsException_WhenNoTicketsRequested" classname="uk.gov.dwp.uc.pairtest.TicketServiceImplTest" time="0.007"/>
</testsuite>